#
# There is insufficient memory for the Java Runtime Environment to continue.
# Native memory allocation (mmap) failed to map 27262976 bytes for Failed to commit area from 0x0000000088000000 to 0x0000000089a00000 of length 27262976.
# Possible reasons:
#   The system is out of physical RAM or swap space
#   The process is running with CompressedOops enabled, and the Java Heap may be blocking the growth of the native heap
# Possible solutions:
#   Reduce memory load on the system
#   Increase physical memory or swap space
#   Check if swap backing store is full
#   Decrease Java heap size (-Xmx/-Xms)
#   Decrease number of Java threads
#   Decrease Java thread stack sizes (-Xss)
#   Set larger code cache with -XX:ReservedCodeCacheSize=
#   JVM is running with Unscaled Compressed Oops mode in which the Java heap is
#     placed in the first 4GB address space. The Java Heap base address is the
#     maximum limit for the native heap growth. Please use -XX:HeapBaseMinAddress
#     to set the Java Heap base and to place the Java Heap above 4GB virtual address.
# This output file may be truncated or incomplete.
#
#  Out of Memory Error (./open/src/hotspot/os/windows/os_windows.cpp:3287), pid=3900, tid=1144
#
# JRE version: Java(TM) SE Runtime Environment 18.9 (11.0.15+8) (build 11.0.15+8-LTS-149)
# Java VM: Java HotSpot(TM) 64-Bit Server VM 18.9 (11.0.15+8-LTS-149, mixed mode, tiered, compressed oops, g1 gc, windows-amd64)
# No core dump will be written. Minidumps are not enabled by default on client versions of Windows
#

---------------  S U M M A R Y ------------

Command Line: -javaagent:C:\Program Files\JetBrains\IntelliJ IDEA Community Edition 2022.2.1\lib\idea_rt.jar=64375:C:\Program Files\JetBrains\IntelliJ IDEA Community Edition 2022.2.1\bin -Dfile.encoding=UTF-8 com.training.springeurekaclient.SpringEurekaClientApplication

Host: Intel(R) Xeon(R) Platinum 8272CL CPU @ 2.60GHz, 2 cores, 7G,  Windows 10 , 64 bit Build 19041 (10.0.19041.1889)
Time: Tue Sep  6 05:07:41 2022 Coordinated Universal Time elapsed time: 2.232702 seconds (0d 0h 0m 2s)

---------------  T H R E A D  ---------------

Current thread (0x0000021d7c7dd000):  VMThread "VM Thread" [stack: 0x00000036cc500000,0x00000036cc600000] [id=1144]

Stack: [0x00000036cc500000,0x00000036cc600000]
[error occurred during error reporting (printing stack bounds), id 0xc0000005, EXCEPTION_ACCESS_VIOLATION (0xc0000005) at pc=0x0000021d000010e7]

Native frames: (J=compiled Java code, j=interpreted, Vv=VM code, C=native code)
V  [jvm.dll+0x629d8a]
V  [jvm.dll+0x7638ff]
V  [jvm.dll+0x764fa9]
V  [jvm.dll+0x765595]
V  [jvm.dll+0x76554b]
V  [jvm.dll+0x629273]
V  [jvm.dll+0x629988]
C  [ntdll.dll+0xa229f]
C  [ntdll.dll+0x51454]
C  [ntdll.dll+0xa0dce]
C  0x0000021d000010e7

VM_Operation (0x00000036cbffac30): G1CollectForAllocation, mode: safepoint, requested by thread 0x0000021d6e514000


---------------  P R O C E S S  ---------------

Threads class SMR info:
_java_thread_list=0x0000021d7e3bd840, length=12, elements={
0x0000021d6e514000, 0x0000021d7c7de000, 0x0000021d7c7e7000, 0x0000021d7d172800,
0x0000021d7c7fa800, 0x0000021d7c7fd800, 0x0000021d7c80b800, 0x0000021d7c814800,
0x0000021d7c81b000, 0x0000021d7d2cd800, 0x0000021d7d646800, 0x0000021d7da09000
}

Java Threads: ( => current thread )
  0x0000021d6e514000 JavaThread "main" [_thread_blocked, id=11988, stack(0x00000036cbf00000,0x00000036cc000000)]
  0x0000021d7c7de000 JavaThread "Reference Handler" daemon [_thread_blocked, id=1164, stack(0x00000036cc600000,0x00000036cc700000)]
  0x0000021d7c7e7000 JavaThread "Finalizer" daemon [_thread_blocked, id=7352, stack(0x00000036cc700000,0x00000036cc800000)]
  0x0000021d7d172800 JavaThread "Signal Dispatcher" daemon [_thread_blocked, id=960, stack(0x00000036cc800000,0x00000036cc900000)]
  0x0000021d7c7fa800 JavaThread "Attach Listener" daemon [_thread_blocked, id=12356, stack(0x00000036cc900000,0x00000036cca00000)]
  0x0000021d7c7fd800 JavaThread "Service Thread" daemon [_thread_blocked, id=4120, stack(0x00000036cca00000,0x00000036ccb00000)]
  0x0000021d7c80b800 JavaThread "C2 CompilerThread0" daemon [_thread_blocked, id=12364, stack(0x00000036ccb00000,0x00000036ccc00000)]
  0x0000021d7c814800 JavaThread "C1 CompilerThread0" daemon [_thread_blocked, id=1804, stack(0x00000036ccc00000,0x00000036ccd00000)]
  0x0000021d7c81b000 JavaThread "Sweeper thread" daemon [_thread_blocked, id=708, stack(0x00000036ccd00000,0x00000036cce00000)]
  0x0000021d7d2cd800 JavaThread "Common-Cleaner" daemon [_thread_blocked, id=7952, stack(0x00000036cce00000,0x00000036ccf00000)]
  0x0000021d7d646800 JavaThread "Monitor Ctrl-Break" daemon [_thread_in_native, id=6200, stack(0x00000036ccf00000,0x00000036cd000000)]
  0x0000021d7da09000 JavaThread "background-preinit" [_thread_blocked, id=11612, stack(0x00000036cd200000,0x00000036cd300000)]

Other Threads:
=>0x0000021d7c7dd000 VMThread "VM Thread" [stack: 0x00000036cc500000,0x00000036cc600000] [id=1144]
  0x0000021d7d720000 WatcherThread [stack: 0x00000036cd000000,0x00000036cd100000] [id=4664]
  0x0000021d6e529000 GCTaskThread "GC Thread#0" [stack: 0x00000036cc000000,0x00000036cc100000] [id=3044]
  0x0000021d7d720800 GCTaskThread "GC Thread#1" [stack: 0x00000036cd100000,0x00000036cd200000] [id=1160]
  0x0000021d6e55e800 ConcurrentGCThread "G1 Main Marker" [stack: 0x00000036cc100000,0x00000036cc200000] [id=10956]
  0x0000021d6e561000 ConcurrentGCThread "G1 Conc#0" [stack: 0x00000036cc200000,0x00000036cc300000] [id=4560]
  0x0000021d6e5eb000 ConcurrentGCThread "G1 Refine#0" [stack: 0x00000036cc300000,0x00000036cc400000] [id=10284]
  0x0000021d6e5ec000 ConcurrentGCThread "G1 Young RemSet Sampling" [stack: 0x00000036cc400000,0x00000036cc500000] [id=4976]

Threads with active compile tasks:
C2 CompilerThread0   2268 1614 %     4       java.util.Properties$LineReader::readLine @ 53 (584 bytes)

VM state:at safepoint (normal execution)

VM Mutex/Monitor currently owned by a thread:  ([mutex/lock_event])
[0x0000021d6e5124c0] Threads_lock - owner thread: 0x0000021d7c7dd000
[0x0000021d6e512430] Heap_lock - owner thread: 0x0000021d6e514000

Heap address: 0x0000000080000000, size: 2048 MB, Compressed Oops mode: 32-bit
Narrow klass base: 0x0000000000000000, Narrow klass shift: 3
Compressed class space size: 1073741824 Address: 0x0000000100000000

Heap:
 garbage-first heap   total 157696K, used 7827K [0x0000000080000000, 0x0000000100000000)
  region size 1024K, 2 young (2048K), 2 survivors (2048K)
 Metaspace       used 20230K, capacity 20705K, committed 20864K, reserved 1067008K
  class space    used 2185K, capacity 2373K, committed 2432K, reserved 1048576K
Heap Regions: E=young(eden), S=young(survivor), O=old, HS=humongous(starts), HC=humongous(continues), CS=collection set, F=free, A=archive, TAMS=top-at-mark-start (previous, next)
|   0|0x0000000080000000, 0x0000000080100000, 0x0000000080100000|100%| O|  |TAMS 0x0000000080000000, 0x0000000080000000| Untracked 
|   1|0x0000000080100000, 0x0000000080200000, 0x0000000080200000|100%| O|  |TAMS 0x0000000080100000, 0x0000000080100000| Untracked 
|   2|0x0000000080200000, 0x0000000080300000, 0x0000000080300000|100%| O|  |TAMS 0x0000000080200000, 0x0000000080200000| Untracked 
|   3|0x0000000080300000, 0x0000000080400000, 0x0000000080400000|100%| O|  |TAMS 0x0000000080300000, 0x0000000080300000| Untracked 
|   4|0x0000000080400000, 0x0000000080500000, 0x0000000080500000|100%| O|  |TAMS 0x0000000080400000, 0x0000000080400000| Untracked 
|   5|0x0000000080500000, 0x0000000080600000, 0x0000000080600000|100%| O|  |TAMS 0x0000000080500000, 0x0000000080500000| Untracked 
|   6|0x0000000080600000, 0x0000000080630e00, 0x0000000080700000| 19%| O|  |TAMS 0x0000000080600000, 0x0000000080600000| Untracked 
|   7|0x0000000080700000, 0x0000000080700000, 0x0000000080800000|  0%| F|  |TAMS 0x0000000080700000, 0x0000000080700000| Untracked 
|   8|0x0000000080800000, 0x0000000080800000, 0x0000000080900000|  0%| F|  |TAMS 0x0000000080800000, 0x0000000080800000| Untracked 
|   9|0x0000000080900000, 0x0000000080900000, 0x0000000080a00000|  0%| F|  |TAMS 0x0000000080900000, 0x0000000080900000| Untracked 
|  10|0x0000000080a00000, 0x0000000080a00000, 0x0000000080b00000|  0%| F|  |TAMS 0x0000000080a00000, 0x0000000080a00000| Untracked 
|  11|0x0000000080b00000, 0x0000000080b00000, 0x0000000080c00000|  0%| F|  |TAMS 0x0000000080b00000, 0x0000000080b00000| Untracked 
|  12|0x0000000080c00000, 0x0000000080c00000, 0x0000000080d00000|  0%| F|  |TAMS 0x0000000080c00000, 0x0000000080c00000| Untracked 
|  13|0x0000000080d00000, 0x0000000080d00000, 0x0000000080e00000|  0%| F|  |TAMS 0x0000000080d00000, 0x0000000080d00000| Untracked 
|  14|0x0000000080e00000, 0x0000000080e00000, 0x0000000080f00000|  0%| F|  |TAMS 0x0000000080e00000, 0x0000000080e00000| Untracked 
|  15|0x0000000080f00000, 0x0000000080f00000, 0x0000000081000000|  0%| F|  |TAMS 0x0000000080f00000, 0x0000000080f00000| Untracked 
|  16|0x0000000081000000, 0x0000000081000000, 0x0000000081100000|  0%| F|  |TAMS 0x0000000081000000, 0x0000000081000000| Untracked 
|  17|0x0000000081100000, 0x0000000081100000, 0x0000000081200000|  0%| F|  |TAMS 0x0000000081100000, 0x0000000081100000| Untracked 
|  18|0x0000000081200000, 0x0000000081200000, 0x0000000081300000|  0%| F|  |TAMS 0x0000000081200000, 0x0000000081200000| Untracked 
|  19|0x0000000081300000, 0x0000000081300000, 0x0000000081400000|  0%| F|  |TAMS 0x0000000081300000, 0x0000000081300000| Untracked 
|  20|0x0000000081400000, 0x0000000081400000, 0x0000000081500000|  0%| F|  |TAMS 0x0000000081400000, 0x0000000081400000| Untracked 
|  21|0x0000000081500000, 0x0000000081500000, 0x0000000081600000|  0%| F|  |TAMS 0x0000000081500000, 0x0000000081500000| Untracked 
|  22|0x0000000081600000, 0x0000000081600000, 0x0000000081700000|  0%| F|  |TAMS 0x0000000081600000, 0x0000000081600000| Untracked 
|  23|0x0000000081700000, 0x0000000081700000, 0x0000000081800000|  0%| F|  |TAMS 0x0000000081700000, 0x0000000081700000| Untracked 
|  24|0x0000000081800000, 0x0000000081800000, 0x0000000081900000|  0%| F|  |TAMS 0x0000000081800000, 0x0000000081800000| Untracked 
|  25|0x0000000081900000, 0x0000000081900000, 0x0000000081a00000|  0%| F|  |TAMS 0x0000000081900000, 0x0000000081900000| Untracked 
|  26|0x0000000081a00000, 0x0000000081a00000, 0x0000000081b00000|  0%| F|  |TAMS 0x0000000081a00000, 0x0000000081a00000| Untracked 
|  27|0x0000000081b00000, 0x0000000081b00000, 0x0000000081c00000|  0%| F|  |TAMS 0x0000000081b00000, 0x0000000081b00000| Untracked 
|  28|0x0000000081c00000, 0x0000000081c00000, 0x0000000081d00000|  0%| F|  |TAMS 0x0000000081c00000, 0x0000000081c00000| Untracked 
|  29|0x0000000081d00000, 0x0000000081d00000, 0x0000000081e00000|  0%| F|  |TAMS 0x0000000081d00000, 0x0000000081d00000| Untracked 
|  30|0x0000000081e00000, 0x0000000081e00000, 0x0000000081f00000|  0%| F|  |TAMS 0x0000000081e00000, 0x0000000081e00000| Untracked 
|  31|0x0000000081f00000, 0x0000000081f00000, 0x0000000082000000|  0%| F|  |TAMS 0x0000000081f00000, 0x0000000081f00000| Untracked 
|  32|0x0000000082000000, 0x0000000082000000, 0x0000000082100000|  0%| F|  |TAMS 0x0000000082000000, 0x0000000082000000| Untracked 
|  33|0x0000000082100000, 0x0000000082100000, 0x0000000082200000|  0%| F|  |TAMS 0x0000000082100000, 0x0000000082100000| Untracked 
|  34|0x0000000082200000, 0x0000000082200000, 0x0000000082300000|  0%| F|  |TAMS 0x0000000082200000, 0x0000000082200000| Untracked 
|  35|0x0000000082300000, 0x0000000082300000, 0x0000000082400000|  0%| F|  |TAMS 0x0000000082300000, 0x0000000082300000| Untracked 
|  36|0x0000000082400000, 0x0000000082400000, 0x0000000082500000|  0%| F|  |TAMS 0x0000000082400000, 0x0000000082400000| Untracked 
|  37|0x0000000082500000, 0x0000000082500000, 0x0000000082600000|  0%| F|  |TAMS 0x0000000082500000, 0x0000000082500000| Untracked 
|  38|0x0000000082600000, 0x0000000082600000, 0x0000000082700000|  0%| F|  |TAMS 0x0000000082600000, 0x0000000082600000| Untracked 
|  39|0x0000000082700000, 0x0000000082700000, 0x0000000082800000|  0%| F|  |TAMS 0x0000000082700000, 0x0000000082700000| Untracked 
|  40|0x0000000082800000, 0x0000000082800000, 0x0000000082900000|  0%| F|  |TAMS 0x0000000082800000, 0x0000000082800000| Untracked 
|  41|0x0000000082900000, 0x0000000082900000, 0x0000000082a00000|  0%| F|  |TAMS 0x0000000082900000, 0x0000000082900000| Untracked 
|  42|0x0000000082a00000, 0x0000000082a00000, 0x0000000082b00000|  0%| F|  |TAMS 0x0000000082a00000, 0x0000000082a00000| Untracked 
|  43|0x0000000082b00000, 0x0000000082b00000, 0x0000000082c00000|  0%| F|  |TAMS 0x0000000082b00000, 0x0000000082b00000| Untracked 
|  44|0x0000000082c00000, 0x0000000082c00000, 0x0000000082d00000|  0%| F|  |TAMS 0x0000000082c00000, 0x0000000082c00000| Untracked 
|  45|0x0000000082d00000, 0x0000000082d00000, 0x0000000082e00000|  0%| F|  |TAMS 0x0000000082d00000, 0x0000000082d00000| Untracked 
|  46|0x0000000082e00000, 0x0000000082e00000, 0x0000000082f00000|  0%| F|  |TAMS 0x0000000082e00000, 0x0000000082e00000| Untracked 
|  47|0x0000000082f00000, 0x0000000082f00000, 0x0000000083000000|  0%| F|  |TAMS 0x0000000082f00000, 0x0000000082f00000| Untracked 
|  48|0x0000000083000000, 0x0000000083000000, 0x0000000083100000|  0%| F|  |TAMS 0x0000000083000000, 0x0000000083000000| Untracked 
|  49|0x0000000083100000, 0x0000000083100000, 0x0000000083200000|  0%| F|  |TAMS 0x0000000083100000, 0x0000000083100000| Untracked 
|  50|0x0000000083200000, 0x0000000083200000, 0x0000000083300000|  0%| F|  |TAMS 0x0000000083200000, 0x0000000083200000| Untracked 
|  51|0x0000000083300000, 0x0000000083300000, 0x0000000083400000|  0%| F|  |TAMS 0x0000000083300000, 0x0000000083300000| Untracked 
|  52|0x0000000083400000, 0x0000000083400000, 0x0000000083500000|  0%| F|  |TAMS 0x0000000083400000, 0x0000000083400000| Untracked 
|  53|0x0000000083500000, 0x0000000083500000, 0x0000000083600000|  0%| F|  |TAMS 0x0000000083500000, 0x0000000083500000| Untracked 
|  54|0x0000000083600000, 0x0000000083600000, 0x0000000083700000|  0%| F|  |TAMS 0x0000000083600000, 0x0000000083600000| Untracked 
|  55|0x0000000083700000, 0x0000000083700000, 0x0000000083800000|  0%| F|  |TAMS 0x0000000083700000, 0x0000000083700000| Untracked 
|  56|0x0000000083800000, 0x0000000083800000, 0x0000000083900000|  0%| F|  |TAMS 0x0000000083800000, 0x0000000083800000| Untracked 
|  57|0x0000000083900000, 0x0000000083900000, 0x0000000083a00000|  0%| F|  |TAMS 0x0000000083900000, 0x0000000083900000| Untracked 
|  58|0x0000000083a00000, 0x0000000083a00000, 0x0000000083b00000|  0%| F|  |TAMS 0x0000000083a00000, 0x0000000083a00000| Untracked 
|  59|0x0000000083b00000, 0x0000000083b00000, 0x0000000083c00000|  0%| F|  |TAMS 0x0000000083b00000, 0x0000000083b00000| Untracked 
|  60|0x0000000083c00000, 0x0000000083c00000, 0x0000000083d00000|  0%| F|  |TAMS 0x0000000083c00000, 0x0000000083c00000| Untracked 
|  61|0x0000000083d00000, 0x0000000083d00000, 0x0000000083e00000|  0%| F|  |TAMS 0x0000000083d00000, 0x0000000083d00000| Untracked 
|  62|0x0000000083e00000, 0x0000000083e00000, 0x0000000083f00000|  0%| F|  |TAMS 0x0000000083e00000, 0x0000000083e00000| Untracked 
|  63|0x0000000083f00000, 0x0000000083f00000, 0x0000000084000000|  0%| F|  |TAMS 0x0000000083f00000, 0x0000000083f00000| Untracked 
|  64|0x0000000084000000, 0x0000000084000000, 0x0000000084100000|  0%| F|  |TAMS 0x0000000084000000, 0x0000000084000000| Untracked 
|  65|0x0000000084100000, 0x0000000084100000, 0x0000000084200000|  0%| F|  |TAMS 0x0000000084100000, 0x0000000084100000| Untracked 
|  66|0x0000000084200000, 0x0000000084200000, 0x0000000084300000|  0%| F|  |TAMS 0x0000000084200000, 0x0000000084200000| Untracked 
|  67|0x0000000084300000, 0x0000000084300000, 0x0000000084400000|  0%| F|  |TAMS 0x0000000084300000, 0x0000000084300000| Untracked 
|  68|0x0000000084400000, 0x0000000084400000, 0x0000000084500000|  0%| F|  |TAMS 0x0000000084400000, 0x0000000084400000| Untracked 
|  69|0x0000000084500000, 0x0000000084500000, 0x0000000084600000|  0%| F|  |TAMS 0x0000000084500000, 0x0000000084500000| Untracked 
|  70|0x0000000084600000, 0x0000000084600000, 0x0000000084700000|  0%| F|  |TAMS 0x0000000084600000, 0x0000000084600000| Untracked 
|  71|0x0000000084700000, 0x0000000084700000, 0x0000000084800000|  0%| F|  |TAMS 0x0000000084700000, 0x0000000084700000| Untracked 
|  72|0x0000000084800000, 0x0000000084800000, 0x0000000084900000|  0%| F|  |TAMS 0x0000000084800000, 0x0000000084800000| Untracked 
|  73|0x0000000084900000, 0x0000000084900000, 0x0000000084a00000|  0%| F|  |TAMS 0x0000000084900000, 0x0000000084900000| Untracked 
|  74|0x0000000084a00000, 0x0000000084a00000, 0x0000000084b00000|  0%| F|  |TAMS 0x0000000084a00000, 0x0000000084a00000| Untracked 
|  75|0x0000000084b00000, 0x0000000084b00000, 0x0000000084c00000|  0%| F|  |TAMS 0x0000000084b00000, 0x0000000084b00000| Untracked 
|  76|0x0000000084c00000, 0x0000000084c00000, 0x0000000084d00000|  0%| F|  |TAMS 0x0000000084c00000, 0x0000000084c00000| Untracked 
|  77|0x0000000084d00000, 0x0000000084d00000, 0x0000000084e00000|  0%| F|  |TAMS 0x0000000084d00000, 0x0000000084d00000| Untracked 
|  78|0x0000000084e00000, 0x0000000084e00000, 0x0000000084f00000|  0%| F|  |TAMS 0x0000000084e00000, 0x0000000084e00000| Untracked 
|  79|0x0000000084f00000, 0x0000000084f00000, 0x0000000085000000|  0%| F|  |TAMS 0x0000000084f00000, 0x0000000084f00000| Untracked 
|  80|0x0000000085000000, 0x0000000085000000, 0x0000000085100000|  0%| F|  |TAMS 0x0000000085000000, 0x0000000085000000| Untracked 
|  81|0x0000000085100000, 0x0000000085100000, 0x0000000085200000|  0%| F|  |TAMS 0x0000000085100000, 0x0000000085100000| Untracked 
|  82|0x0000000085200000, 0x0000000085200000, 0x0000000085300000|  0%| F|  |TAMS 0x0000000085200000, 0x0000000085200000| Untracked 
|  83|0x0000000085300000, 0x0000000085300000, 0x0000000085400000|  0%| F|  |TAMS 0x0000000085300000, 0x0000000085300000| Untracked 
|  84|0x0000000085400000, 0x0000000085400000, 0x0000000085500000|  0%| F|  |TAMS 0x0000000085400000, 0x0000000085400000| Untracked 
|  85|0x0000000085500000, 0x0000000085500000, 0x0000000085600000|  0%| F|  |TAMS 0x0000000085500000, 0x0000000085500000| Untracked 
|  86|0x0000000085600000, 0x0000000085600000, 0x0000000085700000|  0%| F|  |TAMS 0x0000000085600000, 0x0000000085600000| Untracked 
|  87|0x0000000085700000, 0x0000000085700000, 0x0000000085800000|  0%| F|  |TAMS 0x0000000085700000, 0x0000000085700000| Untracked 
|  88|0x0000000085800000, 0x0000000085800000, 0x0000000085900000|  0%| F|  |TAMS 0x0000000085800000, 0x0000000085800000| Untracked 
|  89|0x0000000085900000, 0x0000000085900000, 0x0000000085a00000|  0%| F|  |TAMS 0x0000000085900000, 0x0000000085900000| Untracked 
|  90|0x0000000085a00000, 0x0000000085a00000, 0x0000000085b00000|  0%| F|  |TAMS 0x0000000085a00000, 0x0000000085a00000| Untracked 
|  91|0x0000000085b00000, 0x0000000085b00000, 0x0000000085c00000|  0%| F|  |TAMS 0x0000000085b00000, 0x0000000085b00000| Untracked 
|  92|0x0000000085c00000, 0x0000000085c00000, 0x0000000085d00000|  0%| F|  |TAMS 0x0000000085c00000, 0x0000000085c00000| Untracked 
|  93|0x0000000085d00000, 0x0000000085d00000, 0x0000000085e00000|  0%| F|  |TAMS 0x0000000085d00000, 0x0000000085d00000| Untracked 
|  94|0x0000000085e00000, 0x0000000085e00000, 0x0000000085f00000|  0%| F|  |TAMS 0x0000000085e00000, 0x0000000085e00000| Untracked 
|  95|0x0000000085f00000, 0x0000000085f00000, 0x0000000086000000|  0%| F|  |TAMS 0x0000000085f00000, 0x0000000085f00000| Untracked 
|  96|0x0000000086000000, 0x0000000086000000, 0x0000000086100000|  0%| F|  |TAMS 0x0000000086000000, 0x0000000086000000| Untracked 
|  97|0x0000000086100000, 0x0000000086100000, 0x0000000086200000|  0%| F|  |TAMS 0x0000000086100000, 0x0000000086100000| Untracked 
|  98|0x0000000086200000, 0x0000000086200000, 0x0000000086300000|  0%| F|  |TAMS 0x0000000086200000, 0x0000000086200000| Untracked 
|  99|0x0000000086300000, 0x0000000086300000, 0x0000000086400000|  0%| F|  |TAMS 0x0000000086300000, 0x0000000086300000| Untracked 
| 100|0x0000000086400000, 0x0000000086400000, 0x0000000086500000|  0%| F|  |TAMS 0x0000000086400000, 0x0000000086400000| Untracked 
| 101|0x0000000086500000, 0x0000000086500000, 0x0000000086600000|  0%| F|  |TAMS 0x0000000086500000, 0x0000000086500000| Untracked 
| 102|0x0000000086600000, 0x00000000866741f0, 0x0000000086700000| 45%| S|CS|TAMS 0x0000000086600000, 0x0000000086600000| Complete 
| 103|0x0000000086700000, 0x0000000086800000, 0x0000000086800000|100%| S|CS|TAMS 0x0000000086700000, 0x0000000086700000| Complete 
| 104|0x0000000086800000, 0x0000000086800000, 0x0000000086900000|  0%| F|  |TAMS 0x0000000086800000, 0x0000000086800000| Untracked 
| 105|0x0000000086900000, 0x0000000086900000, 0x0000000086a00000|  0%| F|  |TAMS 0x0000000086900000, 0x0000000086900000| Untracked 
| 106|0x0000000086a00000, 0x0000000086a00000, 0x0000000086b00000|  0%| F|  |TAMS 0x0000000086a00000, 0x0000000086a00000| Untracked 
| 107|0x0000000086b00000, 0x0000000086b00000, 0x0000000086c00000|  0%| F|  |TAMS 0x0000000086b00000, 0x0000000086b00000| Untracked 
| 108|0x0000000086c00000, 0x0000000086c00000, 0x0000000086d00000|  0%| F|  |TAMS 0x0000000086c00000, 0x0000000086c00000| Untracked 
| 109|0x0000000086d00000, 0x0000000086d00000, 0x0000000086e00000|  0%| F|  |TAMS 0x0000000086d00000, 0x0000000086d00000| Untracked 
| 110|0x0000000086e00000, 0x0000000086e00000, 0x0000000086f00000|  0%| F|  |TAMS 0x0000000086e00000, 0x0000000086e00000| Untracked 
| 111|0x0000000086f00000, 0x0000000086f00000, 0x0000000087000000|  0%| F|  |TAMS 0x0000000086f00000, 0x0000000086f00000| Untracked 
| 112|0x0000000087000000, 0x0000000087000000, 0x0000000087100000|  0%| F|  |TAMS 0x0000000087000000, 0x0000000087000000| Untracked 
| 113|0x0000000087100000, 0x0000000087100000, 0x0000000087200000|  0%| F|  |TAMS 0x0000000087100000, 0x0000000087100000| Untracked 
| 114|0x0000000087200000, 0x0000000087200000, 0x0000000087300000|  0%| F|  |TAMS 0x0000000087200000, 0x0000000087200000| Untracked 
| 115|0x0000000087300000, 0x0000000087300000, 0x0000000087400000|  0%| F|  |TAMS 0x0000000087300000, 0x0000000087300000| Untracked 
| 116|0x0000000087400000, 0x0000000087400000, 0x0000000087500000|  0%| F|  |TAMS 0x0000000087400000, 0x0000000087400000| Untracked 
| 117|0x0000000087500000, 0x0000000087500000, 0x0000000087600000|  0%| F|  |TAMS 0x0000000087500000, 0x0000000087500000| Untracked 
| 118|0x0000000087600000, 0x0000000087600000, 0x0000000087700000|  0%| F|  |TAMS 0x0000000087600000, 0x0000000087600000| Untracked 
| 119|0x0000000087700000, 0x0000000087700000, 0x0000000087800000|  0%| F|  |TAMS 0x0000000087700000, 0x0000000087700000| Untracked 
| 120|0x0000000087800000, 0x0000000087800000, 0x0000000087900000|  0%| F|  |TAMS 0x0000000087800000, 0x0000000087800000| Untracked 
| 121|0x0000000087900000, 0x0000000087900000, 0x0000000087a00000|  0%| F|  |TAMS 0x0000000087900000, 0x0000000087900000| Untracked 
| 122|0x0000000087a00000, 0x0000000087a00000, 0x0000000087b00000|  0%| F|  |TAMS 0x0000000087a00000, 0x0000000087a00000| Untracked 
| 123|0x0000000087b00000, 0x0000000087b00000, 0x0000000087c00000|  0%| F|  |TAMS 0x0000000087b00000, 0x0000000087b00000| Untracked 
| 124|0x0000000087c00000, 0x0000000087c00000, 0x0000000087d00000|  0%| F|  |TAMS 0x0000000087c00000, 0x0000000087c00000| Untracked 
| 125|0x0000000087d00000, 0x0000000087d00000, 0x0000000087e00000|  0%| F|  |TAMS 0x0000000087d00000, 0x0000000087d00000| Untracked 
| 126|0x0000000087e00000, 0x0000000087e00000, 0x0000000087f00000|  0%| F|  |TAMS 0x0000000087e00000, 0x0000000087e00000| Untracked 
| 127|0x0000000087f00000, 0x0000000087f00000, 0x0000000088000000|  0%| F|  |TAMS 0x0000000087f00000, 0x0000000087f00000| Untracked 

Card table byte_map: [0x0000021d75bc0000,0x0000021d75fc0000] _byte_map_base: 0x0000021d757c0000

Marking Bits (Prev, Next): (CMBitMap*) 0x0000021d6e555be8, (CMBitMap*) 0x0000021d6e555c20
 Prev Bits: [0x0000021d763c0000, 0x0000021d783c0000)
 Next Bits: [0x0000021d783c0000, 0x0000021d7a3c0000)

Polling page: 0x0000021d6c3d0000

Metaspace:

Usage:
  Non-class:     17.90 MB capacity,    17.62 MB ( 98%) used,   242.26 KB (  1%) free+waste,    44.94 KB ( <1%) overhead. 
      Class:      2.32 MB capacity,     2.13 MB ( 92%) used,   164.28 KB (  7%) free+waste,    22.94 KB ( <1%) overhead. 
       Both:     20.22 MB capacity,    19.76 MB ( 98%) used,   406.54 KB (  2%) free+waste,    67.88 KB ( <1%) overhead. 

Virtual space:
  Non-class space:       18.00 MB reserved,      18.00 MB (100%) committed 
      Class space:        1.00 GB reserved,       2.38 MB ( <1%) committed 
             Both:        1.02 GB reserved,      20.38 MB (  2%) committed 

Chunk freelists:
   Non-Class:  4.50 KB
       Class:  3.38 KB
        Both:  7.88 KB

CodeHeap 'non-profiled nmethods': size=120064Kb used=576Kb max_used=576Kb free=119487Kb
 bounds [0x0000021d07ac0000, 0x0000021d07d30000, 0x0000021d0f000000]
CodeHeap 'profiled nmethods': size=120000Kb used=3127Kb max_used=3127Kb free=116872Kb
 bounds [0x0000021d00590000, 0x0000021d008a0000, 0x0000021d07ac0000]
CodeHeap 'non-nmethods': size=5696Kb used=1126Kb max_used=1150Kb free=4570Kb
 bounds [0x0000021d00000000, 0x0000021d00270000, 0x0000021d00590000]
 total_blobs=2070 nmethods=1634 adapters=348
 compilation: enabled
              stopped_count=0, restarted_count=0
 full_count=0

Compilation events (10 events):
Event: 2.215 Thread 0x0000021d7c814800 1635       3       org.springframework.boot.context.properties.source.DefaultPropertyMapper::map (43 bytes)
Event: 2.215 Thread 0x0000021d7c814800 nmethod 1635 0x0000021d0089b410 code [0x0000021d0089b600, 0x0000021d0089baf8]
Event: 2.215 Thread 0x0000021d7c814800 1636       3       org.springframework.boot.context.properties.source.ConfigurationPropertyName::adapt (7 bytes)
Event: 2.216 Thread 0x0000021d7c814800 nmethod 1636 0x0000021d0089bd10 code [0x0000021d0089bec0, 0x0000021d0089bfc8]
Event: 2.216 Thread 0x0000021d7c814800 1637   !   3       java.lang.Class::getEnumConstantsShared (71 bytes)
Event: 2.217 Thread 0x0000021d7c814800 nmethod 1637 0x0000021d0089c090 code [0x0000021d0089c320, 0x0000021d0089cf18]
Event: 2.217 Thread 0x0000021d7c814800 1638       3       java.util.concurrent.locks.AbstractQueuedSynchronizer::release (33 bytes)
Event: 2.217 Thread 0x0000021d7c814800 nmethod 1638 0x0000021d0089d410 code [0x0000021d0089d5c0, 0x0000021d0089d898]
Event: 2.217 Thread 0x0000021d7c814800 1639       3       java.util.HashMap::tableSizeFor (32 bytes)
Event: 2.217 Thread 0x0000021d7c814800 nmethod 1639 0x0000021d0089d990 code [0x0000021d0089db40, 0x0000021d0089dd28]

GC Heap History (9 events):
Event: 0.530 GC heap before
{Heap before GC invocations=0 (full 0):
 garbage-first heap   total 131072K, used 6144K [0x0000000080000000, 0x0000000100000000)
  region size 1024K, 7 young (7168K), 0 survivors (0K)
 Metaspace       used 6311K, capacity 6379K, committed 6528K, reserved 1056768K
  class space    used 541K, capacity 570K, committed 640K, reserved 1048576K
}
Event: 0.536 GC heap after
{Heap after GC invocations=1 (full 0):
 garbage-first heap   total 131072K, used 4322K [0x0000000080000000, 0x0000000100000000)
  region size 1024K, 1 young (1024K), 1 survivors (1024K)
 Metaspace       used 6311K, capacity 6379K, committed 6528K, reserved 1056768K
  class space    used 541K, capacity 570K, committed 640K, reserved 1048576K
}
Event: 0.817 GC heap before
{Heap before GC invocations=1 (full 0):
 garbage-first heap   total 131072K, used 9442K [0x0000000080000000, 0x0000000100000000)
  region size 1024K, 6 young (6144K), 1 survivors (1024K)
 Metaspace       used 9082K, capacity 9198K, committed 9344K, reserved 1058816K
  class space    used 822K, capacity 871K, committed 896K, reserved 1048576K
}
Event: 0.822 GC heap after
{Heap after GC invocations=2 (full 0):
 garbage-first heap   total 131072K, used 5501K [0x0000000080000000, 0x0000000100000000)
  region size 1024K, 1 young (1024K), 1 survivors (1024K)
 Metaspace       used 9082K, capacity 9198K, committed 9344K, reserved 1058816K
  class space    used 822K, capacity 871K, committed 896K, reserved 1048576K
}
Event: 1.289 GC heap before
{Heap before GC invocations=2 (full 0):
 garbage-first heap   total 131072K, used 14717K [0x0000000080000000, 0x0000000100000000)
  region size 1024K, 11 young (11264K), 1 survivors (1024K)
 Metaspace       used 12087K, capacity 12311K, committed 12544K, reserved 1060864K
  class space    used 1182K, capacity 1275K, committed 1280K, reserved 1048576K
}
Event: 1.294 GC heap after
{Heap after GC invocations=3 (full 0):
 garbage-first heap   total 131072K, used 6349K [0x0000000080000000, 0x0000000100000000)
  region size 1024K, 2 young (2048K), 2 survivors (2048K)
 Metaspace       used 12087K, capacity 12311K, committed 12544K, reserved 1060864K
  class space    used 1182K, capacity 1275K, committed 1280K, reserved 1048576K
}
Event: 1.691 GC heap before
{Heap before GC invocations=3 (full 0):
 garbage-first heap   total 131072K, used 21709K [0x0000000080000000, 0x0000000100000000)
  region size 1024K, 17 young (17408K), 2 survivors (2048K)
 Metaspace       used 15941K, capacity 16254K, committed 16384K, reserved 1064960K
  class space    used 1584K, capacity 1702K, committed 1792K, reserved 1048576K
}
Event: 1.698 GC heap after
{Heap after GC invocations=4 (full 0):
 garbage-first heap   total 131072K, used 7232K [0x0000000080000000, 0x0000000100000000)
  region size 1024K, 2 young (2048K), 2 survivors (2048K)
 Metaspace       used 15941K, capacity 16254K, committed 16384K, reserved 1064960K
  class space    used 1584K, capacity 1702K, committed 1792K, reserved 1048576K
}
Event: 2.222 GC heap before
{Heap before GC invocations=4 (full 0):
 garbage-first heap   total 131072K, used 28736K [0x0000000080000000, 0x0000000100000000)
  region size 1024K, 24 young (24576K), 2 survivors (2048K)
 Metaspace       used 20230K, capacity 20705K, committed 20864K, reserved 1067008K
  class space    used 2185K, capacity 2373K, committed 2432K, reserved 1048576K
}

Deoptimization events (10 events):
Event: 1.419 Thread 0x0000021d7da09000 Uncommon trap: reason=bimorphic_or_optimized_type_check action=maybe_recompile pc=0x0000021d07afc594 method=java.util.HashMap.getNode(ILjava/lang/Object;)Ljava/util/HashMap$Node; @ 126 c2
Event: 1.559 Thread 0x0000021d6e514000 Uncommon trap: reason=unstable_if action=reinterpret pc=0x0000021d07b239a8 method=java.util.concurrent.ConcurrentHashMap.putVal(Ljava/lang/Object;Ljava/lang/Object;Z)Ljava/lang/Object; @ 112 c2
Event: 1.757 Thread 0x0000021d6e514000 Uncommon trap: reason=unstable_if action=reinterpret pc=0x0000021d07adba30 method=java.lang.StringLatin1.lastIndexOf([BI[BII)I @ 32 c2
Event: 2.086 Thread 0x0000021d7da09000 Uncommon trap: reason=unstable_if action=reinterpret pc=0x0000021d07b3fdc4 method=jdk.internal.org.objectweb.asm.Frame.execute(IILjdk/internal/org/objectweb/asm/ClassWriter;Ljdk/internal/org/objectweb/asm/Item;)V @ 1 c2
Event: 2.101 Thread 0x0000021d7da09000 Uncommon trap: reason=unstable_if action=reinterpret pc=0x0000021d07b33300 method=jdk.internal.org.objectweb.asm.Type.getArgumentsAndReturnSizes(Ljava/lang/String;)I @ 47 c2
Event: 2.176 Thread 0x0000021d7da09000 Uncommon trap: reason=bimorphic_or_optimized_type_check action=maybe_recompile pc=0x0000021d07b06378 method=java.util.HashMap.getNode(ILjava/lang/Object;)Ljava/util/HashMap$Node; @ 126 c2
Event: 2.207 Thread 0x0000021d6e514000 Uncommon trap: reason=profile_predicate action=maybe_recompile pc=0x0000021d07b4ac48 method=org.springframework.boot.context.properties.source.ConfigurationPropertyName$Elements.canShortcutWithSource(Lorg/springframework/boot/context/properties/source/Con
Event: 2.207 Thread 0x0000021d6e514000 Uncommon trap: reason=profile_predicate action=maybe_recompile pc=0x0000021d07b4ac48 method=org.springframework.boot.context.properties.source.ConfigurationPropertyName$Elements.canShortcutWithSource(Lorg/springframework/boot/context/properties/source/Con
Event: 2.207 Thread 0x0000021d6e514000 Uncommon trap: reason=profile_predicate action=maybe_recompile pc=0x0000021d07b4ac48 method=org.springframework.boot.context.properties.source.ConfigurationPropertyName$Elements.canShortcutWithSource(Lorg/springframework/boot/context/properties/source/Con
Event: 2.207 Thread 0x0000021d6e514000 Uncommon trap: reason=profile_predicate action=maybe_recompile pc=0x0000021d07b4ac48 method=org.springframework.boot.context.properties.source.ConfigurationPropertyName$Elements.canShortcutWithSource(Lorg/springframework/boot/context/properties/source/Con

Classes redefined (0 events):
No events

Internal exceptions (10 events):
Event: 1.807 Thread 0x0000021d6e514000 Exception <a 'java/lang/NoSuchMethodError'{0x0000000087a0c920}: java.lang.invoke.DirectMethodHandle$Holder.invokeStaticInit(Ljava/lang/Object;Ljava/lang/Object;)V> (0x0000000087a0c920) thrown at [./open/src/hotspot/share/interpreter/linkResolver.cpp, line
Event: 1.834 Thread 0x0000021d6e514000 Exception <a 'java/lang/NoSuchMethodError'{0x0000000087a46fd8}: java.lang.invoke.DirectMethodHandle$Holder.invokeStatic(Ljava/lang/Object;Ljava/lang/Object;Ljava/lang/Object;Ljava/lang/Object;Ljava/lang/Object;Ljava/lang/Object;)V> (0x0000000087a46fd8) th
Event: 2.019 Thread 0x0000021d6e514000 Exception <a 'java/lang/NoSuchMethodError'{0x000000008738d588}: java.lang.invoke.DirectMethodHandle$Holder.invokeStatic(Ljava/lang/Object;Ljava/lang/Object;Ljava/lang/Object;Ljava/lang/Object;)V> (0x000000008738d588) thrown at [./open/src/hotspot/share/in
Event: 2.101 Thread 0x0000021d7da09000 Exception <a 'java/lang/NoSuchMethodError'{0x0000000086c41c58}: java.lang.invoke.DirectMethodHandle$Holder.invokeSpecial(Ljava/lang/Object;Ljava/lang/Object;)J> (0x0000000086c41c58) thrown at [./open/src/hotspot/share/interpreter/linkResolver.cpp, line 77
Event: 2.104 Thread 0x0000021d7da09000 Exception <a 'java/lang/NoSuchMethodError'{0x0000000086c4c3e0}: java.lang.invoke.DirectMethodHandle$Holder.invokeStatic(Ljava/lang/Object;Ljava/lang/Object;)J> (0x0000000086c4c3e0) thrown at [./open/src/hotspot/share/interpreter/linkResolver.cpp, line 772
Event: 2.104 Thread 0x0000021d7da09000 Exception <a 'java/lang/NoSuchMethodError'{0x0000000086ca40c8}: java.lang.invoke.DirectMethodHandle$Holder.invokeStaticInit(Ljava/lang/Object;Ljava/lang/Object;)J> (0x0000000086ca40c8) thrown at [./open/src/hotspot/share/interpreter/linkResolver.cpp, line
Event: 2.106 Thread 0x0000021d7da09000 Exception <a 'java/lang/NoSuchMethodError'{0x0000000086cb04d0}: java.lang.invoke.DirectMethodHandle$Holder.invokeInterface(Ljava/lang/Object;Ljava/lang/Object;)J> (0x0000000086cb04d0) thrown at [./open/src/hotspot/share/interpreter/linkResolver.cpp, line 
Event: 2.107 Thread 0x0000021d7da09000 Exception <a 'java/lang/IncompatibleClassChangeError'{0x0000000086cb3268}: Found class java.lang.Object, but interface was expected> (0x0000000086cb3268) thrown at [./open/src/hotspot/share/interpreter/linkResolver.cpp, line 838]
Event: 2.123 Thread 0x0000021d7da09000 Exception <a 'java/lang/NoSuchMethodError'{0x0000000086b74e98}: java.lang.invoke.DirectMethodHandle$Holder.invokeVirtual(Ljava/lang/Object;Ljava/lang/Object;Ljava/lang/Object;Ljava/lang/Object;)Ljava/lang/Object;> (0x0000000086b74e98) thrown at [./open/sr
Event: 2.171 Thread 0x0000021d6e514000 Exception <a 'java/lang/NoSuchMethodError'{0x0000000086ae8910}: java.lang.invoke.DirectMethodHandle$Holder.invokeSpecialIFC(Ljava/lang/Object;Ljava/lang/Object;I)I> (0x0000000086ae8910) thrown at [./open/src/hotspot/share/interpreter/linkResolver.cpp, lin

Events (10 events):
Event: 2.218 loading class org/springframework/context/annotation/AnnotationConfigApplicationContext done
Event: 2.218 loading class org/springframework/context/annotation/AnnotationConfigRegistry
Event: 2.218 loading class org/springframework/context/annotation/AnnotationConfigRegistry done
Event: 2.218 loading class org/springframework/context/support/GenericApplicationContext
Event: 2.218 loading class org/springframework/context/support/GenericApplicationContext done
Event: 2.219 loading class org/springframework/context/support/AbstractApplicationContext
Event: 2.219 loading class org/springframework/context/support/AbstractApplicationContext done
Event: 2.221 loading class org/springframework/context/support/AbstractApplicationContext$1
Event: 2.221 loading class org/springframework/context/support/AbstractApplicationContext$1 done
Event: 2.221 Executing VM operation: G1CollectForAllocation


Dynamic libraries:
0x00007ff761160000 - 0x00007ff76116f000 	C:\Program Files\Java\jdk-11.0.15\bin\java.exe
0x00007ffdf9a30000 - 0x00007ffdf9c28000 	C:\Windows\SYSTEM32\ntdll.dll
0x00007ffdf8ae0000 - 0x00007ffdf8b9d000 	C:\Windows\System32\KERNEL32.DLL
0x00007ffdf7750000 - 0x00007ffdf7a1e000 	C:\Windows\System32\KERNELBASE.dll
0x00007ffdf7600000 - 0x00007ffdf7700000 	C:\Windows\System32\ucrtbase.dll
0x00007ffde2260000 - 0x00007ffde2275000 	C:\Program Files\Java\jdk-11.0.15\bin\VCRUNTIME140.dll
0x00007ffde22f0000 - 0x00007ffde2308000 	C:\Program Files\Java\jdk-11.0.15\bin\jli.dll
0x00007ffdf8e80000 - 0x00007ffdf8f2e000 	C:\Windows\System32\ADVAPI32.dll
0x00007ffdf8520000 - 0x00007ffdf85be000 	C:\Windows\System32\msvcrt.dll
0x00007ffdf8de0000 - 0x00007ffdf8e7c000 	C:\Windows\System32\sechost.dll
0x00007ffdf8290000 - 0x00007ffdf83b5000 	C:\Windows\System32\RPCRT4.dll
0x00007ffdf7f10000 - 0x00007ffdf80b0000 	C:\Windows\System32\USER32.dll
0x00007ffdf74c0000 - 0x00007ffdf74e2000 	C:\Windows\System32\win32u.dll
0x00007ffdf8260000 - 0x00007ffdf828a000 	C:\Windows\System32\GDI32.dll
0x00007ffdf74f0000 - 0x00007ffdf75fb000 	C:\Windows\System32\gdi32full.dll
0x00007ffdf7370000 - 0x00007ffdf740d000 	C:\Windows\System32\msvcp_win.dll
0x00007ffde26d0000 - 0x00007ffde296a000 	C:\Windows\WinSxS\amd64_microsoft.windows.common-controls_6595b64144ccf1df_6.0.19041.1110_none_60b5254171f9507e\COMCTL32.dll
0x00007ffdef580000 - 0x00007ffdef58a000 	C:\Windows\SYSTEM32\VERSION.dll
0x00007ffdf83c0000 - 0x00007ffdf83f0000 	C:\Windows\System32\IMM32.DLL
0x00007ffdbe680000 - 0x00007ffdbe71b000 	C:\Program Files\Java\jdk-11.0.15\bin\msvcp140.dll
0x00007ffda0880000 - 0x00007ffda1396000 	C:\Program Files\Java\jdk-11.0.15\bin\server\jvm.dll
0x00007ffdf7a90000 - 0x00007ffdf7a98000 	C:\Windows\System32\PSAPI.DLL
0x00007ffdf2c30000 - 0x00007ffdf2c39000 	C:\Windows\SYSTEM32\WSOCK32.dll
0x00007ffdf8fc0000 - 0x00007ffdf902b000 	C:\Windows\System32\WS2_32.dll
0x00007ffde1ae0000 - 0x00007ffde1b07000 	C:\Windows\SYSTEM32\WINMM.dll
0x00007ffdf5030000 - 0x00007ffdf5042000 	C:\Windows\SYSTEM32\kernel.appcore.dll
0x00007ffde2150000 - 0x00007ffde2160000 	C:\Program Files\Java\jdk-11.0.15\bin\verify.dll
0x00007ffde8750000 - 0x00007ffde8934000 	C:\Windows\SYSTEM32\DBGHELP.DLL
0x00007ffde7ca0000 - 0x00007ffde7ccc000 	C:\Windows\SYSTEM32\dbgcore.DLL
0x00007ffdf72e0000 - 0x00007ffdf7362000 	C:\Windows\System32\bcryptPrimitives.dll
0x00007ffde1670000 - 0x00007ffde1698000 	C:\Program Files\Java\jdk-11.0.15\bin\java.dll
0x00007ffde2140000 - 0x00007ffde214a000 	C:\Program Files\Java\jdk-11.0.15\bin\jimage.dll
0x00007ffde2a30000 - 0x00007ffde2a3e000 	C:\Program Files\Java\jdk-11.0.15\bin\instrument.dll
0x00007ffde1c50000 - 0x00007ffde1c66000 	C:\Program Files\Java\jdk-11.0.15\bin\zip.dll
0x00007ffdf92a0000 - 0x00007ffdf99e4000 	C:\Windows\System32\SHELL32.dll
0x00007ffdf5230000 - 0x00007ffdf59c4000 	C:\Windows\SYSTEM32\windows.storage.dll
0x00007ffdf7bb0000 - 0x00007ffdf7f04000 	C:\Windows\System32\combase.dll
0x00007ffdf6a00000 - 0x00007ffdf6a30000 	C:\Windows\SYSTEM32\Wldp.dll
0x00007ffdf8a30000 - 0x00007ffdf8add000 	C:\Windows\System32\SHCORE.dll
0x00007ffdf91e0000 - 0x00007ffdf9235000 	C:\Windows\System32\shlwapi.dll
0x00007ffdf7090000 - 0x00007ffdf70af000 	C:\Windows\SYSTEM32\profapi.dll
0x00007ffde18b0000 - 0x00007ffde18c9000 	C:\Program Files\Java\jdk-11.0.15\bin\net.dll
0x00007ffdeec00000 - 0x00007ffdeed0a000 	C:\Windows\SYSTEM32\WINHTTP.dll
0x00007ffdf67e0000 - 0x00007ffdf684a000 	C:\Windows\system32\mswsock.dll
0x00007ffde1620000 - 0x00007ffde1632000 	C:\Program Files\Java\jdk-11.0.15\bin\nio.dll
0x00007ffde1c30000 - 0x00007ffde1c4a000 	C:\Program Files\JetBrains\IntelliJ IDEA Community Edition 2022.2.1\bin\breakgen64.dll
0x00007ffdf64f0000 - 0x00007ffdf652b000 	C:\Windows\SYSTEM32\IPHLPAPI.DLL
0x00007ffdf8d50000 - 0x00007ffdf8d58000 	C:\Windows\System32\NSI.dll
0x00007ffdefc20000 - 0x00007ffdefc37000 	C:\Windows\SYSTEM32\dhcpcsvc6.DLL
0x00007ffdefc00000 - 0x00007ffdefc1d000 	C:\Windows\SYSTEM32\dhcpcsvc.DLL
0x00007ffdf6530000 - 0x00007ffdf65fa000 	C:\Windows\SYSTEM32\DNSAPI.dll
0x00007ffdee480000 - 0x00007ffdee48a000 	C:\Windows\System32\rasadhlp.dll
0x00007ffdeee80000 - 0x00007ffdeef00000 	C:\Windows\System32\fwpuclnt.dll
0x00007ffdf72b0000 - 0x00007ffdf72d7000 	C:\Windows\System32\bcrypt.dll
0x00007ffde1c20000 - 0x00007ffde1c29000 	C:\Program Files\Java\jdk-11.0.15\bin\management.dll
0x00007ffde1530000 - 0x00007ffde153b000 	C:\Program Files\Java\jdk-11.0.15\bin\management_ext.dll
0x00007ffddd590000 - 0x00007ffddd5a7000 	C:\Windows\system32\napinsp.dll
0x00007ffddd570000 - 0x00007ffddd58b000 	C:\Windows\system32\pnrpnsp.dll
0x00007ffddd550000 - 0x00007ffddd565000 	C:\Windows\system32\wshbth.dll
0x00007ffdf2b10000 - 0x00007ffdf2b2d000 	C:\Windows\system32\NLAapi.dll
0x00007ffddd530000 - 0x00007ffddd542000 	C:\Windows\System32\winrnr.dll

dbghelp: loaded successfully - version: 4.0.5 - missing functions: none
symbol engine: initialized successfully - sym options: 0x614 - pdb path: .;C:\Program Files\Java\jdk-11.0.15\bin;C:\Windows\SYSTEM32;C:\Windows\WinSxS\amd64_microsoft.windows.common-controls_6595b64144ccf1df_6.0.19041.1110_none_60b5254171f9507e;C:\Program Files\Java\jdk-11.0.15\bin\server;C:\Program Files\JetBrains\IntelliJ IDEA Community Edition 2022.2.1\bin

VM Arguments:
jvm_args: -javaagent:C:\Program Files\JetBrains\IntelliJ IDEA Community Edition 2022.2.1\lib\idea_rt.jar=64375:C:\Program Files\JetBrains\IntelliJ IDEA Community Edition 2022.2.1\bin -Dfile.encoding=UTF-8 
java_command: com.training.springeurekaclient.SpringEurekaClientApplication
java_class_path (initial): C:\Users\sfjbs\Downloads\eureka-naming-server-main\eureka-naming-server-main\spring-eureka-client\target\classes;C:\Users\sfjbs\.m2\repository\org\springframework\cloud\spring-cloud-starter-netflix-eureka-client\3.1.3\spring-cloud-starter-netflix-eureka-client-3.1.3.jar;C:\Users\sfjbs\.m2\repository\org\springframework\cloud\spring-cloud-starter\2.1.0.RELEASE\spring-cloud-starter-2.1.0.RELEASE.jar;C:\Users\sfjbs\.m2\repository\org\springframework\cloud\spring-cloud-context\2.1.0.RELEASE\spring-cloud-context-2.1.0.RELEASE.jar;C:\Users\sfjbs\.m2\repository\org\springframework\security\spring-security-crypto\5.1.5.RELEASE\spring-security-crypto-5.1.5.RELEASE.jar;C:\Users\sfjbs\.m2\repository\org\springframework\cloud\spring-cloud-commons\2.1.0.RELEASE\spring-cloud-commons-2.1.0.RELEASE.jar;C:\Users\sfjbs\.m2\repository\org\springframework\security\spring-security-rsa\1.0.7.RELEASE\spring-security-rsa-1.0.7.RELEASE.jar;C:\Users\sfjbs\.m2\repository\org\bouncycastle\bcpkix-jdk15on\1.60\bcpkix-jdk15on-1.60.jar;C:\Users\sfjbs\.m2\repository\org\bouncycastle\bcprov-jdk15on\1.60\bcprov-jdk15on-1.60.jar;C:\Users\sfjbs\.m2\repository\org\springframework\cloud\spring-cloud-netflix-eureka-client\2.1.0.RELEASE\spring-cloud-netflix-eureka-client-2.1.0.RELEASE.jar;C:\Users\sfjbs\.m2\repository\org\springframework\cloud\spring-cloud-netflix-hystrix\2.1.0.RELEASE\spring-cloud-netflix-hystrix-2.1.0.RELEASE.jar;C:\Users\sfjbs\.m2\repository\org\springframework\boot\spring-boot-starter-aop\2.1.4.RELEASE\spring-boot-starter-aop-2.1.4.RELEASE.jar;C:\Users\sfjbs\.m2\repository\org\aspectj\aspectjweaver\1.9.2\aspectjweaver-1.9.2.jar;C:\Users\sfjbs\.m2\repository\com\netflix\eureka\eureka-client\1.9.8\eureka-client-1.9.8.jar;C:\Users\sfjbs\.m2\repository\org\codehaus\jettison\jettison\1.3.7\jettison-1.3.7.jar;C:\Users\sfjbs\.m2\repository\stax\stax-api\1.0.1\stax-api-1.0.1.jar;C:\Users\sfjbs\.m2\repository\com\netflix\netflix-commons\netflix-eventbus\0.3.0\netfli
Launcher Type: SUN_STANDARD

[Global flags]
     intx CICompilerCount                          = 2                                         {product} {ergonomic}
     uint ConcGCThreads                            = 1                                         {product} {ergonomic}
     uint G1ConcRefinementThreads                  = 2                                         {product} {ergonomic}
   size_t G1HeapRegionSize                         = 1048576                                   {product} {ergonomic}
    uintx GCDrainStackTargetSize                   = 64                                        {product} {ergonomic}
   size_t InitialHeapSize                          = 134217728                                 {product} {ergonomic}
   size_t MarkStackSize                            = 4194304                                   {product} {ergonomic}
   size_t MaxHeapSize                              = 2147483648                                {product} {ergonomic}
   size_t MaxNewSize                               = 1287651328                                {product} {ergonomic}
   size_t MinHeapDeltaBytes                        = 1048576                                   {product} {ergonomic}
    uintx NonNMethodCodeHeapSize                   = 5825164                                {pd product} {ergonomic}
    uintx NonProfiledCodeHeapSize                  = 122916538                              {pd product} {ergonomic}
    uintx ProfiledCodeHeapSize                     = 122916538                              {pd product} {ergonomic}
    uintx ReservedCodeCacheSize                    = 251658240                              {pd product} {ergonomic}
     bool SegmentedCodeCache                       = true                                      {product} {ergonomic}
     bool UseCompressedClassPointers               = true                                 {lp64_product} {ergonomic}
     bool UseCompressedOops                        = true                                 {lp64_product} {ergonomic}
     bool UseG1GC                                  = true                                      {product} {ergonomic}
     bool UseLargePagesIndividualAllocation        = false                                  {pd product} {ergonomic}

Logging:
Log output configuration:
 #0: stdout all=warning uptime,level,tags
 #1: stderr all=off uptime,level,tags

Environment Variables:
PATH=C:\Program Files\Common Files\Oracle\Java\javapath;C:\Windows\system32;C:\Windows;C:\Windows\System32\Wbem;C:\Windows\System32\WindowsPowerShell\v1.0\;C:\Windows\System32\OpenSSH\;C:\Program Files\PuTTY\;C:\Program Files\Git\cmd;C:\Program Files\Docker\Docker\resources\bin;C:\ProgramData\DockerDesktop\version-bin;C:\Users\sfjbs\Downloads\apache-maven-3.8.6-bin\apache-maven-3.8.6\bin;C:\Users\sfjbs\Downloads\apache-maven-3.8.6-bin\apache-maven-3.8.6\lib;C:\Users\sfjbs\AppData\Local\Microsoft\WindowsApps;C:\Program Files\JetBrains\IntelliJ IDEA Community Edition 2022.2.1\bin;;C:\Users\sfjbs\Downloads\apache-maven-3.8.6-bin\apache-maven-3.8.6\bin;C:\Users\sfjbs\Downloads\apache-maven-3.8.6-bin\apache-maven-3.8.6\lib;
USERNAME=sfjbs
OS=Windows_NT
PROCESSOR_IDENTIFIER=Intel64 Family 6 Model 85 Stepping 7, GenuineIntel



---------------  S Y S T E M  ---------------

OS: Windows 10 , 64 bit Build 19041 (10.0.19041.1889)
Hyper-V role detected

CPU:total 2 (initial active 2) (1 cores per cpu, 2 threads per core) family 6 model 85 stepping 7 microcode 0xffffffff, cmov, cx8, fxsr, mmx, sse, sse2, sse3, ssse3, sse4.1, sse4.2, popcnt, avx, avx2, aes, clmul, erms, rtm, 3dnowpref, lzcnt, ht, tsc, bmi1, bmi2, adx, evex, fma

Memory: 4k page, system-wide physical 8190M (807M free)
TotalPageFile size 10238M (AvailPageFile size 5M)
current process WorkingSet (physical memory assigned to process): 100M, peak: 100M
current process commit charge ("private bytes"): 226M, peak: 252M

vm_info: Java HotSpot(TM) 64-Bit Server VM (11.0.15+8-LTS-149) for windows-amd64 JRE (11.0.15+8-LTS-149), built on Mar  9 2022 22:42:32 by "mach5one" with MS VC++ 15.9 (VS2017)

END.
